Using pre-set license
Built from '2021.3/staging' branch; Version is '2021.3.4f1 (cb45f9cae8b7) revision 13321721'; Using compiler version '192829333'; Build Type 'Release'
OS: 'Windows 10  (10.0.19043) 64bit Core' Language: 'en' Physical Memory: 14204 MB
BatchMode: 1, IsHumanControllingUs: 0, StartBugReporterOnCrash: 0, Is64bit: 1, IsPro: 1

COMMAND LINE ARGUMENTS:
C:\Program Files\Unity\Hub\Editor\2021.3.4f1\Editor\Unity.exe
-adb2
-batchMode
-noUpm
-name
AssetImportWorker15
-projectPath
D:/Unity Projects/GDTV Course Graveyard Defender
-logFile
Logs/AssetImportWorker15.log
-srvPort
60573
Successfully changed project path to: D:/Unity Projects/GDTV Course Graveyard Defender
D:/Unity Projects/GDTV Course Graveyard Defender
[UnityMemory] Configuration Parameters - Can be set up in boot.config
    "memorysetup-bucket-allocator-granularity=16"
    "memorysetup-bucket-allocator-bucket-count=8"
    "memorysetup-bucket-allocator-block-size=33554432"
    "memorysetup-bucket-allocator-block-count=8"
    "memorysetup-main-allocator-block-size=16777216"
    "memorysetup-thread-allocator-block-size=16777216"
    "memorysetup-gfx-main-allocator-block-size=16777216"
    "memorysetup-gfx-thread-allocator-block-size=16777216"
    "memorysetup-cache-allocator-block-size=4194304"
    "memorysetup-typetree-allocator-block-size=2097152"
    "memorysetup-profiler-bucket-allocator-granularity=16"
    "memorysetup-profiler-bucket-allocator-bucket-count=8"
    "memorysetup-profiler-bucket-allocator-block-size=33554432"
    "memorysetup-profiler-bucket-allocator-block-count=8"
    "memorysetup-profiler-allocator-block-size=16777216"
    "memorysetup-profiler-editor-allocator-block-size=1048576"
    "memorysetup-temp-allocator-size-main=16777216"
    "memorysetup-job-temp-allocator-block-size=2097152"
    "memorysetup-job-temp-allocator-block-size-background=1048576"
    "memorysetup-job-temp-allocator-reduction-small-platforms=262144"
    "memorysetup-temp-allocator-size-background-worker=32768"
    "memorysetup-temp-allocator-size-job-worker=262144"
    "memorysetup-temp-allocator-size-preload-manager=33554432"
    "memorysetup-temp-allocator-size-nav-mesh-worker=65536"
    "memorysetup-temp-allocator-size-audio-worker=65536"
    "memorysetup-temp-allocator-size-cloud-worker=32768"
    "memorysetup-temp-allocator-size-gi-baking-worker=262144"
    "memorysetup-temp-allocator-size-gfx=262144"
Refreshing native plugins compatible for Editor in 77.80 ms, found 3 plugins.
Preloading 0 native plugins for Editor in 0.00 ms.
Initialize engine version: 2021.3.4f1 (cb45f9cae8b7)
[Subsystems] Discovering subsystems at path C:/Program Files/Unity/Hub/Editor/2021.3.4f1/Editor/Data/Resources/UnitySubsystems
[Subsystems] Discovering subsystems at path D:/Unity Projects/GDTV Course Graveyard Defender/Assets
GfxDevice: creating device client; threaded=0; jobified=0
Direct3D:
    Version:  Direct3D 11.0 [level 11.1]
    Renderer: NVIDIA GeForce RTX 3050 Ti Laptop GPU (ID=0x25e0)
    Vendor:   NVIDIA
    VRAM:     3990 MB
    Driver:   30.0.15.1233
Initialize mono
Mono path[0] = 'C:/Program Files/Unity/Hub/Editor/2021.3.4f1/Editor/Data/Managed'
Mono path[1] = 'C:/Program Files/Unity/Hub/Editor/2021.3.4f1/Editor/Data/MonoBleedingEdge/lib/mono/unityjit-win32'
Mono config path = 'C:/Program Files/Unity/Hub/Editor/2021.3.4f1/Editor/Data/MonoBleedingEdge/etc'
Using monoOptions --debugger-agent=transport=dt_socket,embedding=1,server=y,suspend=n,address=127.0.0.1:56836
Begin MonoManager ReloadAssembly
Registering precompiled unity dll's ...
Register platform support module: C:/Program Files/Unity/Hub/Editor/2021.3.4f1/Editor/Data/PlaybackEngines/WebGLSupport/UnityEditor.WebGL.Extensions.dll
Register platform support module: C:/Program Files/Unity/Hub/Editor/2021.3.4f1/Editor/Data/PlaybackEngines/WindowsStandaloneSupport/UnityEditor.WindowsStandalone.Extensions.dll
Registered in 0.009886 seconds.
Native extension for WindowsStandalone target not found
Native extension for WebGL target not found
Refreshing native plugins compatible for Editor in 72.01 ms, found 3 plugins.
Preloading 0 native plugins for Editor in 0.00 ms.
Mono: successfully reloaded assembly
- Completed reload, in  0.566 seconds
Domain Reload Profiling:
	ReloadAssembly (567ms)
		BeginReloadAssembly (71ms)
			ExecutionOrderSort (0ms)
			DisableScriptedObjects (0ms)
			BackupInstance (0ms)
			ReleaseScriptingObjects (0ms)
			CreateAndSetChildDomain (1ms)
		EndReloadAssembly (392ms)
			LoadAssemblies (68ms)
			RebuildTransferFunctionScriptingTraits (0ms)
			SetupTypeCache (85ms)
			ReleaseScriptCaches (0ms)
			RebuildScriptCaches (21ms)
			SetupLoadedEditorAssemblies (241ms)
				LogAssemblyErrors (0ms)
				InitializePlatformSupportModulesInManaged (8ms)
				SetLoadedEditorAssemblies (0ms)
				RefreshPlugins (72ms)
				BeforeProcessingInitializeOnLoad (1ms)
				ProcessInitializeOnLoadAttributes (121ms)
				ProcessInitializeOnLoadMethodAttributes (38ms)
				AfterProcessingInitializeOnLoad (0ms)
				EditorAssembliesLoaded (0ms)
			ExecutionOrderSort2 (0ms)
			AwakeInstancesAfterBackupRestoration (0ms)
Platform modules already initialized, skipping
Registering precompiled user dll's ...
Registered in 0.004690 seconds.
Begin MonoManager ReloadAssembly
Symbol file LoadedFromMemory doesn't match image D:\Unity Projects\GDTV Course Graveyard Defender\Library\PackageCache\com.unity.visualscripting@1.7.8\Editor\VisualScripting.Core\Dependencies\YamlDotNet\Unity.VisualScripting.YamlDotNet.dll
Symbol file LoadedFromMemory doesn't match image D:\Unity Projects\GDTV Course Graveyard Defender\Library\PackageCache\com.unity.visualscripting@1.7.8\Editor\VisualScripting.Core\Dependencies\DotNetZip\Unity.VisualScripting.IonicZip.dll
Native extension for WindowsStandalone target not found
Native extension for WebGL target not found
Refreshing native plugins compatible for Editor in 0.70 ms, found 3 plugins.
Preloading 0 native plugins for Editor in 0.00 ms.
Mono: successfully reloaded assembly
- Completed reload, in  0.927 seconds
Domain Reload Profiling:
	ReloadAssembly (928ms)
		BeginReloadAssembly (103ms)
			ExecutionOrderSort (0ms)
			DisableScriptedObjects (5ms)
			BackupInstance (0ms)
			ReleaseScriptingObjects (0ms)
			CreateAndSetChildDomain (19ms)
		EndReloadAssembly (722ms)
			LoadAssemblies (77ms)
			RebuildTransferFunctionScriptingTraits (0ms)
			SetupTypeCache (218ms)
			ReleaseScriptCaches (1ms)
			RebuildScriptCaches (49ms)
			SetupLoadedEditorAssemblies (337ms)
				LogAssemblyErrors (0ms)
				InitializePlatformSupportModulesInManaged (8ms)
				SetLoadedEditorAssemblies (1ms)
				RefreshPlugins (1ms)
				BeforeProcessingInitializeOnLoad (88ms)
				ProcessInitializeOnLoadAttributes (204ms)
				ProcessInitializeOnLoadMethodAttributes (27ms)
				AfterProcessingInitializeOnLoad (9ms)
				EditorAssembliesLoaded (0ms)
			ExecutionOrderSort2 (0ms)
			AwakeInstancesAfterBackupRestoration (6ms)
Platform modules already initialized, skipping
========================================================================
Worker process is ready to serve import requests
Launched and connected shader compiler UnityShaderCompiler.exe after 0.04 seconds
Refreshing native plugins compatible for Editor in 0.65 ms, found 3 plugins.
Preloading 0 native plugins for Editor in 0.00 ms.
Unloading 3385 Unused Serialized files (Serialized files now loaded: 0)
Unloading 27 unused Assets / (111.0 KB). Loaded Objects now: 3841.
Memory consumption went from 118.5 MB to 118.4 MB.
Total: 2.949500 ms (FindLiveObjects: 0.245500 ms CreateObjectMapping: 0.172800 ms MarkObjects: 2.427300 ms  DeleteObjects: 0.103100 ms)

AssetImportParameters requested are different than current active one (requested -> active):
  custom:video-decoder-ogg-theora: a1e56fd34408186e4bbccfd4996cb3dc -> 
  custom:container-muxer-webm: aa71ff27fc2769a1b78a27578f13a17b -> 
  custom:container-demuxer-webm: 4f35f7cbe854078d1ac9338744f61a02 -> 
  custom:video-encoder-webm-vp8: eb34c28f22e8b96e1ab97ce403110664 -> 
  custom:audio-encoder-webm-vorbis: bf7c407c2cedff20999df2af8eb42d56 -> 
  custom:framework-win-MediaFoundation: 216162199b28c13a410421893ffa2e32 -> 
  custom:container-demuxer-ogg: 62fdf1f143b41e24485cea50d1cbac27 -> 
  custom:video-decoder-webm-vp8: 9c59270c3fd7afecdb556c50c9e8de78 -> 
  custom:audio-decoder-ogg-vorbis: bf7c407c2cedff20999df2af8eb42d56 -> 
========================================================================
Received Import Request.
  Time since last request: 137629.441321 seconds.
  path: Assets/Resources/Prefabs/CornerTile0.prefab
  artifactKey: Guid(47a43a7e853346349b5eb6ee23606333) Importer(815301076,1909f56bfc062723c751e8b465ee728b)
Start importing Assets/Resources/Prefabs/CornerTile0.prefab using Guid(47a43a7e853346349b5eb6ee23606333) Importer(815301076,1909f56bfc062723c751e8b465ee728b)  -> (artifact id: '8d5dfd37d4f1d37a3aa3598705329679') in 0.161954 seconds 
========================================================================
Received Import Request.
  Time since last request: 19.613695 seconds.
  path: Assets/Resources/Prefabs/CornerTile0.prefab
  artifactKey: Guid(47a43a7e853346349b5eb6ee23606333) Importer(815301076,1909f56bfc062723c751e8b465ee728b)
Start importing Assets/Resources/Prefabs/CornerTile0.prefab using Guid(47a43a7e853346349b5eb6ee23606333) Importer(815301076,1909f56bfc062723c751e8b465ee728b)  -> (artifact id: 'e838df9e47b00c674624712ae7ae7e2f') in 0.035447 seconds 
========================================================================
Received Import Request.
  Time since last request: 0.000024 seconds.
  path: Assets/Resources/Prefabs/RoadTile0.prefab
  artifactKey: Guid(7855d9a1e02d1dc419e5871fa982e08b) Importer(815301076,1909f56bfc062723c751e8b465ee728b)
Start importing Assets/Resources/Prefabs/RoadTile0.prefab using Guid(7855d9a1e02d1dc419e5871fa982e08b) Importer(815301076,1909f56bfc062723c751e8b465ee728b)  -> (artifact id: '59cbe08bbee7d4e8800021351f9b2a9c') in 0.031328 seconds 
========================================================================
Received Import Request.
  Time since last request: 36.017619 seconds.
  path: Assets/Resources/Prefabs/CornerTile0.prefab
  artifactKey: Guid(47a43a7e853346349b5eb6ee23606333) Importer(815301076,1909f56bfc062723c751e8b465ee728b)
Start importing Assets/Resources/Prefabs/CornerTile0.prefab using Guid(47a43a7e853346349b5eb6ee23606333) Importer(815301076,1909f56bfc062723c751e8b465ee728b)  -> (artifact id: 'c56406f8840f4e9418f6f3416c3eeda1') in 0.032429 seconds 
========================================================================
Received Import Request.
  Time since last request: 0.000029 seconds.
  path: Assets/Resources/Prefabs/CornerTile270.prefab
  artifactKey: Guid(f84f0413470b4c243993d2c94fcb8557) Importer(815301076,1909f56bfc062723c751e8b465ee728b)
Start importing Assets/Resources/Prefabs/CornerTile270.prefab using Guid(f84f0413470b4c243993d2c94fcb8557) Importer(815301076,1909f56bfc062723c751e8b465ee728b)  -> (artifact id: '605c94cf45cb47f245b795f44975dfe5') in 0.029132 seconds 
========================================================================
Received Import Request.
  Time since last request: 0.000023 seconds.
  path: Assets/Resources/Prefabs/Tile.prefab
  artifactKey: Guid(7fa3ab2823ef35d45ac9edbd0d1f5a95) Importer(815301076,1909f56bfc062723c751e8b465ee728b)
Start importing Assets/Resources/Prefabs/Tile.prefab using Guid(7fa3ab2823ef35d45ac9edbd0d1f5a95) Importer(815301076,1909f56bfc062723c751e8b465ee728b)  -> (artifact id: 'a34cca5011959db619a10eb558232597') in 0.025870 seconds 
========================================================================
Received Import Request.
  Time since last request: 16.450480 seconds.
  path: Assets/Resources/Prefabs/CornerTile0.prefab
  artifactKey: Guid(47a43a7e853346349b5eb6ee23606333) Importer(815301076,1909f56bfc062723c751e8b465ee728b)
Start importing Assets/Resources/Prefabs/CornerTile0.prefab using Guid(47a43a7e853346349b5eb6ee23606333) Importer(815301076,1909f56bfc062723c751e8b465ee728b)  -> (artifact id: 'b9461da8224b31410412788ae9e1add2') in 0.051972 seconds 
========================================================================
Received Import Request.
  Time since last request: 0.000017 seconds.
  path: Assets/Resources/Prefabs/Tower.prefab
  artifactKey: Guid(3a7b3f165b434e84cb017bd2c2a7dab1) Importer(815301076,1909f56bfc062723c751e8b465ee728b)
Start importing Assets/Resources/Prefabs/Tower.prefab using Guid(3a7b3f165b434e84cb017bd2c2a7dab1) Importer(815301076,1909f56bfc062723c751e8b465ee728b)  -> (artifact id: '3de7b8ab4c6cc945009d69b6f0186d7d') in 0.021754 seconds 
========================================================================
Received Import Request.
  Time since last request: 0.000017 seconds.
  path: Assets/Resources/Prefabs/RoadTile90.prefab
  artifactKey: Guid(31105872440c1524c952677dfc7c350e) Importer(815301076,1909f56bfc062723c751e8b465ee728b)
Start importing Assets/Resources/Prefabs/RoadTile90.prefab using Guid(31105872440c1524c952677dfc7c350e) Importer(815301076,1909f56bfc062723c751e8b465ee728b)  -> (artifact id: '2fe64f7f71acdc5371eb5124e4343e1f') in 0.028663 seconds 
========================================================================
Received Import Request.
  Time since last request: 9.954605 seconds.
  path: Assets/Resources/Prefabs/CornerTile0.prefab
  artifactKey: Guid(47a43a7e853346349b5eb6ee23606333) Importer(815301076,1909f56bfc062723c751e8b465ee728b)
Start importing Assets/Resources/Prefabs/CornerTile0.prefab using Guid(47a43a7e853346349b5eb6ee23606333) Importer(815301076,1909f56bfc062723c751e8b465ee728b)  -> (artifact id: '0d11ed7da780ee9ae514c1b27c9daaf2') in 0.044068 seconds 
========================================================================
Received Import Request.
  Time since last request: 0.000021 seconds.
  path: Assets/Resources/Prefabs/Tower.prefab
  artifactKey: Guid(3a7b3f165b434e84cb017bd2c2a7dab1) Importer(815301076,1909f56bfc062723c751e8b465ee728b)
Start importing Assets/Resources/Prefabs/Tower.prefab using Guid(3a7b3f165b434e84cb017bd2c2a7dab1) Importer(815301076,1909f56bfc062723c751e8b465ee728b)  -> (artifact id: 'bf5896e2c3a2019a93d67dbef859b732') in 0.021722 seconds 
========================================================================
Received Import Request.
  Time since last request: 0.000024 seconds.
  path: Assets/Resources/Prefabs/RoadTile90.prefab
  artifactKey: Guid(31105872440c1524c952677dfc7c350e) Importer(815301076,1909f56bfc062723c751e8b465ee728b)
Start importing Assets/Resources/Prefabs/RoadTile90.prefab using Guid(31105872440c1524c952677dfc7c350e) Importer(815301076,1909f56bfc062723c751e8b465ee728b)  -> (artifact id: '5827f1757be6e25988d588c42db27122') in 0.070459 seconds 
========================================================================
Received Import Request.
  Time since last request: 10.295664 seconds.
  path: Assets/Resources/Prefabs/CornerTile0.prefab
  artifactKey: Guid(47a43a7e853346349b5eb6ee23606333) Importer(815301076,1909f56bfc062723c751e8b465ee728b)
Start importing Assets/Resources/Prefabs/CornerTile0.prefab using Guid(47a43a7e853346349b5eb6ee23606333) Importer(815301076,1909f56bfc062723c751e8b465ee728b)  -> (artifact id: '563bb5d5eb38d0b321234d5a16ececbd') in 0.032252 seconds 
========================================================================
Received Import Request.
  Time since last request: 0.000017 seconds.
  path: Assets/Resources/Prefabs/CornerTile270.prefab
  artifactKey: Guid(f84f0413470b4c243993d2c94fcb8557) Importer(815301076,1909f56bfc062723c751e8b465ee728b)
Start importing Assets/Resources/Prefabs/CornerTile270.prefab using Guid(f84f0413470b4c243993d2c94fcb8557) Importer(815301076,1909f56bfc062723c751e8b465ee728b)  -> (artifact id: 'ad5e19368635f25e966fed70a4d7f71c') in 0.056336 seconds 
========================================================================
Received Import Request.
  Time since last request: 5.646731 seconds.
  path: Assets/Resources/Prefabs/CornerTile0.prefab
  artifactKey: Guid(47a43a7e853346349b5eb6ee23606333) Importer(815301076,1909f56bfc062723c751e8b465ee728b)
Start importing Assets/Resources/Prefabs/CornerTile0.prefab using Guid(47a43a7e853346349b5eb6ee23606333) Importer(815301076,1909f56bfc062723c751e8b465ee728b)  -> (artifact id: '5213a3c0c5b72c536aff6cb7fc04cc58') in 0.032150 seconds 
========================================================================
Received Import Request.
  Time since last request: 0.000021 seconds.
  path: Assets/Resources/Prefabs/CornerTile270.prefab
  artifactKey: Guid(f84f0413470b4c243993d2c94fcb8557) Importer(815301076,1909f56bfc062723c751e8b465ee728b)
Start importing Assets/Resources/Prefabs/CornerTile270.prefab using Guid(f84f0413470b4c243993d2c94fcb8557) Importer(815301076,1909f56bfc062723c751e8b465ee728b)  -> (artifact id: '37eba1e15b519f788b74c168a5c98293') in 0.045026 seconds 
========================================================================
Received Import Request.
  Time since last request: 0.000020 seconds.
  path: Assets/Resources/Prefabs/Tile.prefab
  artifactKey: Guid(7fa3ab2823ef35d45ac9edbd0d1f5a95) Importer(815301076,1909f56bfc062723c751e8b465ee728b)
Start importing Assets/Resources/Prefabs/Tile.prefab using Guid(7fa3ab2823ef35d45ac9edbd0d1f5a95) Importer(815301076,1909f56bfc062723c751e8b465ee728b)  -> (artifact id: '10aa97e4337e035308bdd1161f350de1') in 0.031818 seconds 
========================================================================
Received Import Request.
  Time since last request: 36.132732 seconds.
  path: Assets/Resources/Prefabs/CornerTile0.prefab
  artifactKey: Guid(47a43a7e853346349b5eb6ee23606333) Importer(815301076,1909f56bfc062723c751e8b465ee728b)
Start importing Assets/Resources/Prefabs/CornerTile0.prefab using Guid(47a43a7e853346349b5eb6ee23606333) Importer(815301076,1909f56bfc062723c751e8b465ee728b)  -> (artifact id: '409e3da8470e22a3cd425b4450de643f') in 0.054108 seconds 
========================================================================
Received Import Request.
  Time since last request: 0.000028 seconds.
  path: Assets/Resources/Prefabs/RoadTile0.prefab
  artifactKey: Guid(7855d9a1e02d1dc419e5871fa982e08b) Importer(815301076,1909f56bfc062723c751e8b465ee728b)
Start importing Assets/Resources/Prefabs/RoadTile0.prefab using Guid(7855d9a1e02d1dc419e5871fa982e08b) Importer(815301076,1909f56bfc062723c751e8b465ee728b)  -> (artifact id: '4c90165faf68419407cf3980310e2e6e') in 0.031121 seconds 
========================================================================
Received Import Request.
  Time since last request: 33.338867 seconds.
  path: Assets/Resources/VoxelCastle/Models/Ballisa_Base.png
  artifactKey: Guid(f7d44a55e98043e4d8cea381547ff757) Importer(815301076,1909f56bfc062723c751e8b465ee728b)
Start importing Assets/Resources/VoxelCastle/Models/Ballisa_Base.png using Guid(f7d44a55e98043e4d8cea381547ff757) Importer(815301076,1909f56bfc062723c751e8b465ee728b)  -> (artifact id: '50f47ab217fecbcce01a13b83793596e') in 0.067639 seconds 
========================================================================
Received Import Request.
  Time since last request: 0.020253 seconds.
  path: Assets/Resources/VoxelCastle/Models/Gate_1.png
  artifactKey: Guid(0a454c2c084e06e4ba072926a9128554) Importer(815301076,1909f56bfc062723c751e8b465ee728b)
Start importing Assets/Resources/VoxelCastle/Models/Gate_1.png using Guid(0a454c2c084e06e4ba072926a9128554) Importer(815301076,1909f56bfc062723c751e8b465ee728b)  -> (artifact id: 'fcc9e6e8676377c4c89d4e6b78362c8e') in 0.011216 seconds 
========================================================================
Received Import Request.
  Time since last request: 0.000019 seconds.
  path: Assets/Resources/VoxelCastle/Models/Road_Straight.png
  artifactKey: Guid(3dd9605d2d4e8ba469fa5ddf06423ab3) Importer(815301076,1909f56bfc062723c751e8b465ee728b)
Start importing Assets/Resources/VoxelCastle/Models/Road_Straight.png using Guid(3dd9605d2d4e8ba469fa5ddf06423ab3) Importer(815301076,1909f56bfc062723c751e8b465ee728b)  -> (artifact id: '1db40e893d62f81dbbfe6dd9195e1d45') in 0.007945 seconds 
========================================================================
Received Import Request.
  Time since last request: 0.000018 seconds.
  path: Assets/Resources/VoxelCastle/Models/Shore_3.png
  artifactKey: Guid(a7496d0b9261383468e8fed66a40da8d) Importer(815301076,1909f56bfc062723c751e8b465ee728b)
Start importing Assets/Resources/VoxelCastle/Models/Shore_3.png using Guid(a7496d0b9261383468e8fed66a40da8d) Importer(815301076,1909f56bfc062723c751e8b465ee728b)  -> (artifact id: 'd674a333cbb5136e5fd169f26e409035') in 0.006922 seconds 
========================================================================
Received Import Request.
  Time since last request: 0.000024 seconds.
  path: Assets/Resources/VoxelCastle/Models/Ram.png
  artifactKey: Guid(f89231e1285b34f41a1e68d64ba7079b) Importer(815301076,1909f56bfc062723c751e8b465ee728b)
Start importing Assets/Resources/VoxelCastle/Models/Ram.png using Guid(f89231e1285b34f41a1e68d64ba7079b) Importer(815301076,1909f56bfc062723c751e8b465ee728b)  -> (artifact id: '32c6431f2a219e999443f3893b5e2b3b') in 0.015181 seconds 
========================================================================
Received Import Request.
  Time since last request: 3.699122 seconds.
  path: Assets/Resources/VoxelCastle/Models/Tower_Standing.png
  artifactKey: Guid(3635acef53183154283781d6989b3681) Importer(815301076,1909f56bfc062723c751e8b465ee728b)
Start importing Assets/Resources/VoxelCastle/Models/Tower_Standing.png using Guid(3635acef53183154283781d6989b3681) Importer(815301076,1909f56bfc062723c751e8b465ee728b)  -> (artifact id: '985de1cca240e16ca411514945c3cd4a') in 0.007223 seconds 
Editor requested this worker to shutdown with reason: Scaling down because of idle timeout
AssetImportWorker is now disconnected from the server
Process exiting
Exiting without the bug reporter. Application will terminate with return code 0